[debug] [2024-06-28T16:26:08.248Z] ----------------------------------------------------------------------
[debug] [2024-06-28T16:26:08.253Z] Command:       C:\Program Files\nodejs\node.exe C:\Users\volko\AppData\Roaming\npm\node_modules\firebase-tools\lib\bin\firebase.js init
[debug] [2024-06-28T16:26:08.254Z] CLI Version:   13.12.0
[debug] [2024-06-28T16:26:08.255Z] Platform:      win32
[debug] [2024-06-28T16:26:08.255Z] Node Version:  v18.15.0
[debug] [2024-06-28T16:26:08.257Z] Time:          Fri Jun 28 2024 19:26:08 GMT+0300 (Eastern European Summer Time)
[debug] [2024-06-28T16:26:08.258Z] ----------------------------------------------------------------------
[debug] 
[debug] [2024-06-28T16:26:08.276Z] > command requires scopes: ["email","openid","https://www.googleapis.com/auth/cloudplatformprojects.readonly","https://www.googleapis.com/auth/firebase","https://www.googleapis.com/auth/cloud-platform"]
[debug] [2024-06-28T16:26:08.277Z] > authorizing via signed-in user (volk.xdev@gmail.com)
[info] 
     ######## #### ########  ######## ########     ###     ######  ########
     ##        ##  ##     ## ##       ##     ##  ##   ##  ##       ##
     ######    ##  ########  ######   ########  #########  ######  ######
     ##        ##  ##    ##  ##       ##     ## ##     ##       ## ##
     ##       #### ##     ## ######## ########  ##     ##  ######  ########

You're about to initialize a Firebase project in this directory:

  C:\Users\volko\Desktop\omniumicon

[info] 
=== Project Setup
[info] 
[info] First, let's associate this project directory with a Firebase project.
[info] You can create multiple project aliases by running firebase use --add, 
[info] but for now we'll just set up a default project.
[info] 
[debug] [2024-06-28T16:26:27.720Z] > refreshing access token with scopes: []
[debug] [2024-06-28T16:26:27.724Z] >>> [apiv2][query] POST https://www.googleapis.com/oauth2/v3/token [none]
[debug] [2024-06-28T16:26:27.724Z] >>> [apiv2][body] POST https://www.googleapis.com/oauth2/v3/token [omitted]
[debug] [2024-06-28T16:26:28.046Z] <<< [apiv2][status] POST https://www.googleapis.com/oauth2/v3/token 200
[debug] [2024-06-28T16:26:28.047Z] <<< [apiv2][body] POST https://www.googleapis.com/oauth2/v3/token [omitted]
[debug] [2024-06-28T16:26:28.073Z] >>> [apiv2][query] GET https://firebase.googleapis.com/v1beta1/projects pageSize=100
[debug] [2024-06-28T16:26:28.596Z] <<< [apiv2][status] GET https://firebase.googleapis.com/v1beta1/projects 200
[debug] [2024-06-28T16:26:28.596Z] <<< [apiv2][body] GET https://firebase.googleapis.com/v1beta1/projects [omitted]
[info] i  Using project omniumicon (omniumicon) 
[info] 
=== Hosting Setup
[debug] [2024-06-28T16:26:38.577Z] >>> [apiv2][query] GET https://firebase.googleapis.com/v1beta1/projects/omniumicon [none]
[debug] [2024-06-28T16:26:38.924Z] <<< [apiv2][status] GET https://firebase.googleapis.com/v1beta1/projects/omniumicon 200
[debug] [2024-06-28T16:26:38.924Z] <<< [apiv2][body] GET https://firebase.googleapis.com/v1beta1/projects/omniumicon {"projectId":"omniumicon","projectNumber":"725228151476","displayName":"omniumicon","name":"projects/omniumicon","resources":{"hostingSite":"omniumicon"},"state":"ACTIVE","etag":"1_15d0f010-3181-4963-9ef5-ba4489a0fb20"}
[info] 
[info] Your public directory is the folder (relative to your project directory) that
[info] will contain Hosting assets to be uploaded with firebase deploy. If you
[info] have a build process for your assets, use your build's output directory.
[info] 
